<?xml version="1.0" encoding="UTF-8"?>
<!-- Generated by org.testng.reporters.JUnitXMLReporter -->
<testsuite hostname="ES-LAPTOP-103" name="test1" tests="3" failures="0" timestamp="9 Aug 2016 11:42:55 GMT" time="59.121" errors="0">
  <testcase name="AOpeningBrowser" time="41.046" classname="pegasusAutomationscripts.Login"/>
  <testcase name="BApplicationLogin" time="2.639" classname="pegasusAutomationscripts.Login"/>
  <testcase name="f" time="15.399" classname="pegasusAutomationscripts.CreateCourse"/>
</testsuite> <!-- test1 -->
