<?xml version="1.0" encoding="UTF-8"?>
<testng-results skipped="0" failed="0" total="2" passed="2">
  <reporter-output>
  </reporter-output>
  <suite name="Automation Tests" duration-ms="93366" started-at="2016-08-05T12:45:58Z" finished-at="2016-08-05T12:47:32Z">
    <groups>
    </groups>
    <test name="test1" duration-ms="93366" started-at="2016-08-05T12:45:58Z" finished-at="2016-08-05T12:47:32Z">
      <class name="javaautomationpackage.Login">
        <test-method status="PASS" signature="AOpeningBrowser()[pri:0, instance:javaautomationpackage.Login@5a311ade]" name="AOpeningBrowser" duration-ms="73369" started-at="2016-08-05T18:15:58Z" finished-at="2016-08-05T18:17:12Z">
          <reporter-output>
          </reporter-output>
        </test-method> <!-- AOpeningBrowser -->
        <test-method status="PASS" signature="BApplicationLogin()[pri:0, instance:javaautomationpackage.Login@5a311ade]" name="BApplicationLogin" duration-ms="19921" started-at="2016-08-05T18:17:12Z" finished-at="2016-08-05T18:17:32Z">
          <reporter-output>
          </reporter-output>
        </test-method> <!-- BApplicationLogin -->
      </class> <!-- javaautomationpackage.Login -->
    </test> <!-- test1 -->
  </suite> <!-- Automation Tests -->
</testng-results>
